<?xml version="1.0" encoding="UTF-8"?>
<testsuite xmlns:xsi="http://www.w3.org/2001/XMLSchema-instance" xsi:noNamespaceSchemaLocation="https://maven.apache.org/surefire/maven-surefire-plugin/xsd/surefire-test-report-3.0.xsd" version="3.0" name="com.epam.mjc.nio.FileReaderTest" time="0.118" tests="4" errors="0" skipped="0" failures="0">
  <properties>
[...]
</properties>
  <testcase name="testCodeHasNio" classname="com.epam.mjc.nio.FileReaderTest" time="0.01"/>
  <testcase name="testProgramReadsDataCorrectly" classname="com.epam.mjc.nio.FileReaderTest" time="0.001"/>
  <testcase name="testCodeWithoutExternalUtils" classname="com.epam.mjc.nio.FileReaderTest" time="0.006"/>
  <testcase name="testCodeHasStreamClosing" classname="com.epam.mjc.nio.FileReaderTest" time="0.0"/>
</testsuite>